Warning: Detected changes to resource argocd which is currently being deleted.
namespace/argocd serverside-applied
customresourcedefinition.apiextensions.k8s.io/applications.argoproj.io serverside-applied
customresourcedefinition.apiextensions.k8s.io/applicationsets.argoproj.io serverside-applied
Warning: Detected changes to resource appprojects.argoproj.io which is currently being deleted.
customresourcedefinition.apiextensions.k8s.io/appprojects.argoproj.io serverside-applied
clusterrole.rbac.authorization.k8s.io/argocd-application-controller serverside-applied
clusterrole.rbac.authorization.k8s.io/argocd-applicationset-controller serverside-applied
clusterrole.rbac.authorization.k8s.io/argocd-server serverside-applied
clusterrolebinding.rbac.authorization.k8s.io/argocd-application-controller serverside-applied
clusterrolebinding.rbac.authorization.k8s.io/argocd-applicationset-controller serverside-applied
clusterrolebinding.rbac.authorization.k8s.io/argocd-server serverside-applied
Error from server (Forbidden): serviceaccounts "argocd-application-controller" is forbidden: unable to create new content in namespace argocd because it is being terminated
Error from server (Forbidden): serviceaccounts "argocd-applicationset-controller" is forbidden: unable to create new content in namespace argocd because it is being terminated
Error from server (Forbidden): serviceaccounts "argocd-dex-server" is forbidden: unable to create new content in namespace argocd because it is being terminated
Error from server (Forbidden): serviceaccounts "argocd-notifications-controller" is forbidden: unable to create new content in namespace argocd because it is being terminated
Error from server (Forbidden): serviceaccounts "argocd-redis" is forbidden: unable to create new content in namespace argocd because it is being terminated
Error from server (Forbidden): serviceaccounts "argocd-repo-server" is forbidden: unable to create new content in namespace argocd because it is being terminated
Error from server (Forbidden): serviceaccounts "argocd-server" is forbidden: unable to create new content in namespace argocd because it is being terminated
Error from server (Forbidden): roles.rbac.authorization.k8s.io "argocd-application-controller" is forbidden: unable to create new content in namespace argocd because it is being terminated
Error from server (Forbidden): roles.rbac.authorization.k8s.io "argocd-applicationset-controller" is forbidden: unable to create new content in namespace argocd because it is being terminated
Error from server (Forbidden): roles.rbac.authorization.k8s.io "argocd-dex-server" is forbidden: unable to create new content in namespace argocd because it is being terminated
Error from server (Forbidden): roles.rbac.authorization.k8s.io "argocd-notifications-controller" is forbidden: unable to create new content in namespace argocd because it is being terminated
Error from server (Forbidden): roles.rbac.authorization.k8s.io "argocd-redis" is forbidden: unable to create new content in namespace argocd because it is being terminated
Error from server (Forbidden): roles.rbac.authorization.k8s.io "argocd-server" is forbidden: unable to create new content in namespace argocd because it is being terminated
Error from server (Forbidden): rolebindings.rbac.authorization.k8s.io "argocd-application-controller" is forbidden: unable to create new content in namespace argocd because it is being terminated
Error from server (Forbidden): rolebindings.rbac.authorization.k8s.io "argocd-applicationset-controller" is forbidden: unable to create new content in namespace argocd because it is being terminated
Error from server (Forbidden): rolebindings.rbac.authorization.k8s.io "argocd-dex-server" is forbidden: unable to create new content in namespace argocd because it is being terminated
Error from server (Forbidden): rolebindings.rbac.authorization.k8s.io "argocd-notifications-controller" is forbidden: unable to create new content in namespace argocd because it is being terminated
Error from server (Forbidden): rolebindings.rbac.authorization.k8s.io "argocd-redis" is forbidden: unable to create new content in namespace argocd because it is being terminated
Error from server (Forbidden): rolebindings.rbac.authorization.k8s.io "argocd-server" is forbidden: unable to create new content in namespace argocd because it is being terminated
Error from server (Forbidden): configmaps "argocd-cm" is forbidden: unable to create new content in namespace argocd because it is being terminated
Error from server (Forbidden): configmaps "argocd-cmd-params-cm" is forbidden: unable to create new content in namespace argocd because it is being terminated
Error from server (Forbidden): configmaps "argocd-gpg-keys-cm" is forbidden: unable to create new content in namespace argocd because it is being terminated
Error from server (Forbidden): configmaps "argocd-notifications-cm" is forbidden: unable to create new content in namespace argocd because it is being terminated
Error from server (Forbidden): configmaps "argocd-rbac-cm" is forbidden: unable to create new content in namespace argocd because it is being terminated
Error from server (Forbidden): configmaps "argocd-ssh-known-hosts-cm" is forbidden: unable to create new content in namespace argocd because it is being terminated
Error from server (Forbidden): configmaps "argocd-tls-certs-cm" is forbidden: unable to create new content in namespace argocd because it is being terminated
Error from server (Forbidden): secrets "argocd-notifications-secret" is forbidden: unable to create new content in namespace argocd because it is being terminated
Error from server (Forbidden): secrets "argocd-secret" is forbidden: unable to create new content in namespace argocd because it is being terminated
Error from server (Forbidden): services "argocd-applicationset-controller" is forbidden: unable to create new content in namespace argocd because it is being terminated
Error from server (Forbidden): services "argocd-dex-server" is forbidden: unable to create new content in namespace argocd because it is being terminated
Error from server (Forbidden): services "argocd-metrics" is forbidden: unable to create new content in namespace argocd because it is being terminated
Error from server (Forbidden): services "argocd-notifications-controller-metrics" is forbidden: unable to create new content in namespace argocd because it is being terminated
Error from server (Forbidden): services "argocd-redis" is forbidden: unable to create new content in namespace argocd because it is being terminated
Error from server (Forbidden): services "argocd-repo-server" is forbidden: unable to create new content in namespace argocd because it is being terminated
Error from server (Forbidden): services "argocd-server" is forbidden: unable to create new content in namespace argocd because it is being terminated
Error from server (Forbidden): services "argocd-server-metrics" is forbidden: unable to create new content in namespace argocd because it is being terminated
Error from server (Forbidden): deployments.apps "argocd-applicationset-controller" is forbidden: unable to create new content in namespace argocd because it is being terminated
Error from server (Forbidden): deployments.apps "argocd-dex-server" is forbidden: unable to create new content in namespace argocd because it is being terminated
Error from server (Forbidden): deployments.apps "argocd-notifications-controller" is forbidden: unable to create new content in namespace argocd because it is being terminated
Error from server (Forbidden): deployments.apps "argocd-redis" is forbidden: unable to create new content in namespace argocd because it is being terminated
Error from server (Forbidden): deployments.apps "argocd-repo-server" is forbidden: unable to create new content in namespace argocd because it is being terminated
Error from server (Forbidden): deployments.apps "argocd-server" is forbidden: unable to create new content in namespace argocd because it is being terminated
Error from server (Forbidden): statefulsets.apps "argocd-application-controller" is forbidden: unable to create new content in namespace argocd because it is being terminated
Error from server (Forbidden): networkpolicies.networking.k8s.io "argocd-application-controller-network-policy" is forbidden: unable to create new content in namespace argocd because it is being terminated
Error from server (Forbidden): networkpolicies.networking.k8s.io "argocd-applicationset-controller-network-policy" is forbidden: unable to create new content in namespace argocd because it is being terminated
Error from server (Forbidden): networkpolicies.networking.k8s.io "argocd-dex-server-network-policy" is forbidden: unable to create new content in namespace argocd because it is being terminated
Error from server (Forbidden): networkpolicies.networking.k8s.io "argocd-notifications-controller-network-policy" is forbidden: unable to create new content in namespace argocd because it is being terminated
Error from server (Forbidden): networkpolicies.networking.k8s.io "argocd-redis-network-policy" is forbidden: unable to create new content in namespace argocd because it is being terminated
Error from server (Forbidden): networkpolicies.networking.k8s.io "argocd-repo-server-network-policy" is forbidden: unable to create new content in namespace argocd because it is being terminated
Error from server (Forbidden): networkpolicies.networking.k8s.io "argocd-server-network-policy" is forbidden: unable to create new content in namespace argocd because it is being terminated
